<?xml version="1.0" encoding="UTF-8"?>
<testng-results ignored="0" total="1" passed="1" failed="0" skipped="0">
  <reporter-output>
  </reporter-output>
  <suite started-at="2018-10-28T06:04:48Z" name="Default suite" finished-at="2018-10-28T06:07:30Z" duration-ms="162233">
    <groups>
      <group name="cucumber">
        <method signature="AbstractTestNGCucumberTests.feature(cucumber.api.testng.CucumberFeatureWrapper)[pri:0, instance:Runner.TestRunner@60015ef5]" name="feature" class="cucumber.api.testng.AbstractTestNGCucumberTests"/>
      </group> <!-- cucumber -->
    </groups>
    <test started-at="2018-10-28T06:04:48Z" name="Default test" finished-at="2018-10-28T06:07:30Z" duration-ms="162233">
      <class name="Runner.TestRunner">
        <test-method is-config="true" signature="setUpClass()[pri:0, instance:Runner.TestRunner@60015ef5]" started-at="2018-10-28T06:04:48Z" name="setUpClass" finished-at="2018-10-28T06:04:48Z" duration-ms="425" status="PASS">
          <reporter-output>
          </reporter-output>
        </test-method> <!-- setUpClass -->
        <test-method signature="feature(cucumber.api.testng.CucumberFeatureWrapper)[pri:0, instance:Runner.TestRunner@60015ef5]" started-at="2018-10-28T06:04:49Z" name="feature" description="Runs Cucumber Feature" data-provider="features" finished-at="2018-10-28T06:07:30Z" duration-ms="161632" status="PASS">
          <params>
            <param index="0">
              <value>
                <![CDATA[Login To System]]>
              </value>
            </param>
          </params>
          <reporter-output>
          </reporter-output>
        </test-method> <!-- feature -->
        <test-method is-config="true" signature="tearDownClass()[pri:0, instance:Runner.TestRunner@60015ef5]" started-at="2018-10-28T06:07:30Z" name="tearDownClass" finished-at="2018-10-28T06:07:30Z" duration-ms="4" status="PASS">
          <reporter-output>
          </reporter-output>
        </test-method> <!-- tearDownClass -->
      </class> <!-- Runner.TestRunner -->
    </test> <!-- Default test -->
  </suite> <!-- Default suite -->
</testng-results>
